C:\Program Files\Microsoft Visual Studio\2022\Community\MSBuild\Microsoft\VC\v170\Microsoft.CppBuild.targets(534,5): warning MSB8028: The intermediate directory (Debug\) contains files shared from another project (FirstExample.vcxproj).  This can lead to incorrect clean and rebuild behavior.
  3D_World_Traversal.cpp
C:\Users\crexa\FinalProject_COMP392_001\Textured_3D_Space_Traverse_With_Yaw_Pitch_GameScene_Collision\FirstExample\3D_World_Traversal.cpp(148,13): warning C4244: 'initializing': conversion from 'int' to 'float', possible loss of data
C:\Users\crexa\FinalProject_COMP392_001\Textured_3D_Space_Traverse_With_Yaw_Pitch_GameScene_Collision\FirstExample\3D_World_Traversal.cpp(149,13): warning C4244: 'initializing': conversion from 'int' to 'float', possible loss of data
C:\Users\crexa\FinalProject_COMP392_001\Textured_3D_Space_Traverse_With_Yaw_Pitch_GameScene_Collision\FirstExample\3D_World_Traversal.cpp(175,23): warning C4018: '<': signed/unsigned mismatch
C:\Users\crexa\FinalProject_COMP392_001\Textured_3D_Space_Traverse_With_Yaw_Pitch_GameScene_Collision\FirstExample\3D_World_Traversal.cpp(176,27): warning C4018: '<': signed/unsigned mismatch
C:\Users\crexa\FinalProject_COMP392_001\Textured_3D_Space_Traverse_With_Yaw_Pitch_GameScene_Collision\FirstExample\3D_World_Traversal.cpp(194,23): warning C4018: '<': signed/unsigned mismatch
C:\Users\crexa\FinalProject_COMP392_001\Textured_3D_Space_Traverse_With_Yaw_Pitch_GameScene_Collision\FirstExample\3D_World_Traversal.cpp(198,27): warning C4018: '<': signed/unsigned mismatch
C:\Users\crexa\FinalProject_COMP392_001\Textured_3D_Space_Traverse_With_Yaw_Pitch_GameScene_Collision\FirstExample\3D_World_Traversal.cpp(243,23): warning C4018: '<': signed/unsigned mismatch
C:\Users\crexa\FinalProject_COMP392_001\Textured_3D_Space_Traverse_With_Yaw_Pitch_GameScene_Collision\FirstExample\3D_World_Traversal.cpp(253,23): warning C4018: '<': signed/unsigned mismatch
C:\Users\crexa\FinalProject_COMP392_001\Textured_3D_Space_Traverse_With_Yaw_Pitch_GameScene_Collision\FirstExample\3D_World_Traversal.cpp(573,23): warning C4305: 'initializing': truncation from 'double' to 'GLfloat'
C:\Users\crexa\FinalProject_COMP392_001\Textured_3D_Space_Traverse_With_Yaw_Pitch_GameScene_Collision\FirstExample\3D_World_Traversal.cpp(573,44): warning C4305: 'initializing': truncation from 'double' to 'GLfloat'
C:\Users\crexa\FinalProject_COMP392_001\Textured_3D_Space_Traverse_With_Yaw_Pitch_GameScene_Collision\FirstExample\3D_World_Traversal.cpp(573,64): warning C4305: 'initializing': truncation from 'double' to 'GLfloat'
C:\Users\crexa\FinalProject_COMP392_001\Textured_3D_Space_Traverse_With_Yaw_Pitch_GameScene_Collision\FirstExample\3D_World_Traversal.cpp(573,85): warning C4305: 'initializing': truncation from 'double' to 'GLfloat'
C:\Users\crexa\FinalProject_COMP392_001\Textured_3D_Space_Traverse_With_Yaw_Pitch_GameScene_Collision\FirstExample\3D_World_Traversal.cpp(574,23): warning C4305: 'initializing': truncation from 'double' to 'GLfloat'
C:\Users\crexa\FinalProject_COMP392_001\Textured_3D_Space_Traverse_With_Yaw_Pitch_GameScene_Collision\FirstExample\3D_World_Traversal.cpp(574,44): warning C4305: 'initializing': truncation from 'double' to 'GLfloat'
C:\Users\crexa\FinalProject_COMP392_001\Textured_3D_Space_Traverse_With_Yaw_Pitch_GameScene_Collision\FirstExample\3D_World_Traversal.cpp(574,64): warning C4305: 'initializing': truncation from 'double' to 'GLfloat'
C:\Users\crexa\FinalProject_COMP392_001\Textured_3D_Space_Traverse_With_Yaw_Pitch_GameScene_Collision\FirstExample\3D_World_Traversal.cpp(574,85): warning C4305: 'initializing': truncation from 'double' to 'GLfloat'
C:\Users\crexa\FinalProject_COMP392_001\Textured_3D_Space_Traverse_With_Yaw_Pitch_GameScene_Collision\FirstExample\3D_World_Traversal.cpp(575,23): warning C4305: 'initializing': truncation from 'double' to 'GLfloat'
C:\Users\crexa\FinalProject_COMP392_001\Textured_3D_Space_Traverse_With_Yaw_Pitch_GameScene_Collision\FirstExample\3D_World_Traversal.cpp(575,44): warning C4305: 'initializing': truncation from 'double' to 'GLfloat'
C:\Users\crexa\FinalProject_COMP392_001\Textured_3D_Space_Traverse_With_Yaw_Pitch_GameScene_Collision\FirstExample\3D_World_Traversal.cpp(575,64): warning C4305: 'initializing': truncation from 'double' to 'GLfloat'
C:\Users\crexa\FinalProject_COMP392_001\Textured_3D_Space_Traverse_With_Yaw_Pitch_GameScene_Collision\FirstExample\3D_World_Traversal.cpp(575,85): warning C4305: 'initializing': truncation from 'double' to 'GLfloat'
C:\Users\crexa\FinalProject_COMP392_001\Textured_3D_Space_Traverse_With_Yaw_Pitch_GameScene_Collision\FirstExample\3D_World_Traversal.cpp(576,23): warning C4305: 'initializing': truncation from 'double' to 'GLfloat'
C:\Users\crexa\FinalProject_COMP392_001\Textured_3D_Space_Traverse_With_Yaw_Pitch_GameScene_Collision\FirstExample\3D_World_Traversal.cpp(576,45): warning C4305: 'initializing': truncation from 'double' to 'GLfloat'
C:\Users\crexa\FinalProject_COMP392_001\Textured_3D_Space_Traverse_With_Yaw_Pitch_GameScene_Collision\FirstExample\3D_World_Traversal.cpp(576,66): warning C4305: 'initializing': truncation from 'double' to 'GLfloat'
C:\Users\crexa\FinalProject_COMP392_001\Textured_3D_Space_Traverse_With_Yaw_Pitch_GameScene_Collision\FirstExample\3D_World_Traversal.cpp(576,88): warning C4305: 'initializing': truncation from 'double' to 'GLfloat'
C:\Users\crexa\FinalProject_COMP392_001\Textured_3D_Space_Traverse_With_Yaw_Pitch_GameScene_Collision\FirstExample\3D_World_Traversal.cpp(577,23): warning C4305: 'initializing': truncation from 'double' to 'GLfloat'
C:\Users\crexa\FinalProject_COMP392_001\Textured_3D_Space_Traverse_With_Yaw_Pitch_GameScene_Collision\FirstExample\3D_World_Traversal.cpp(577,44): warning C4305: 'initializing': truncation from 'double' to 'GLfloat'
C:\Users\crexa\FinalProject_COMP392_001\Textured_3D_Space_Traverse_With_Yaw_Pitch_GameScene_Collision\FirstExample\3D_World_Traversal.cpp(577,64): warning C4305: 'initializing': truncation from 'double' to 'GLfloat'
C:\Users\crexa\FinalProject_COMP392_001\Textured_3D_Space_Traverse_With_Yaw_Pitch_GameScene_Collision\FirstExample\3D_World_Traversal.cpp(577,85): warning C4305: 'initializing': truncation from 'double' to 'GLfloat'
C:\Users\crexa\FinalProject_COMP392_001\Textured_3D_Space_Traverse_With_Yaw_Pitch_GameScene_Collision\FirstExample\3D_World_Traversal.cpp(578,24): warning C4305: 'initializing': truncation from 'double' to 'GLfloat'
C:\Users\crexa\FinalProject_COMP392_001\Textured_3D_Space_Traverse_With_Yaw_Pitch_GameScene_Collision\FirstExample\3D_World_Traversal.cpp(578,46): warning C4305: 'initializing': truncation from 'double' to 'GLfloat'
C:\Users\crexa\FinalProject_COMP392_001\Textured_3D_Space_Traverse_With_Yaw_Pitch_GameScene_Collision\FirstExample\3D_World_Traversal.cpp(578,67): warning C4305: 'initializing': truncation from 'double' to 'GLfloat'
C:\Users\crexa\FinalProject_COMP392_001\Textured_3D_Space_Traverse_With_Yaw_Pitch_GameScene_Collision\FirstExample\3D_World_Traversal.cpp(578,89): warning C4305: 'initializing': truncation from 'double' to 'GLfloat'
  FirstExample.vcxproj -> C:\Users\crexa\FinalProject_COMP392_001\Textured_3D_Space_Traverse_With_Yaw_Pitch_GameScene_Collision\Debug\3D_World.exe
